<?xml version="1.0" encoding="UTF-8"?>
<!-- Generated by org.testng.reporters.JUnitXMLReporter -->
<testsuite ignored="0" hostname="Karthicks-MBP" failures="0" tests="4" name="Test cases" time="0.088" errors="0" timestamp="2022-08-17T12:31:55 SGT">
  <testcase classname="testNG.SampleTestCase" name="firstTestCase" time="0.015"/>
  <testcase classname="testNG.SampleTestCase" name="fourthTestCase" time="0.015"/>
  <testcase classname="testNG.SampleTestCase" name="secondTestCase" time="0.001"/>
  <testcase classname="testNG.SampleTestCase" name="thirdTestCase" time="0.009"/>
</testsuite> <!-- Test cases -->
