<?xml version="1.0" encoding="UTF-8"?>
<testng-results ignored="0" total="4" passed="4" failed="0" skipped="0">
  <reporter-output>
  </reporter-output>
  <suite started-at="2022-08-17T12:31:55 SGT" name="Test Suite" finished-at="2022-08-17T12:31:55 SGT" duration-ms="88">
    <groups>
    </groups>
    <test started-at="2022-08-17T12:31:55 SGT" name="Test cases" finished-at="2022-08-17T12:31:55 SGT" duration-ms="88">
      <class name="testNG.SampleTestCase">
        <test-method signature="fourthTestCase()[pri:0, instance:testNG.SampleTestCase@6a6afff2]" started-at="2022-08-17T12:31:55 SGT" name="fourthTestCase" finished-at="2022-08-17T12:31:55 SGT" duration-ms="15" status="PASS">
          <reporter-output>
          </reporter-output>
        </test-method> <!-- fourthTestCase -->
        <test-method signature="firstTestCase()[pri:0, instance:testNG.SampleTestCase@6a6afff2]" started-at="2022-08-17T12:31:55 SGT" name="firstTestCase" finished-at="2022-08-17T12:31:55 SGT" duration-ms="15" status="PASS">
          <reporter-output>
          </reporter-output>
        </test-method> <!-- firstTestCase -->
        <test-method signature="secondTestCase()[pri:0, instance:testNG.SampleTestCase@6a6afff2]" started-at="2022-08-17T12:31:55 SGT" name="secondTestCase" finished-at="2022-08-17T12:31:55 SGT" duration-ms="1" status="PASS">
          <reporter-output>
          </reporter-output>
        </test-method> <!-- secondTestCase -->
        <test-method signature="thirdTestCase()[pri:0, instance:testNG.SampleTestCase@6a6afff2]" started-at="2022-08-17T12:31:55 SGT" name="thirdTestCase" finished-at="2022-08-17T12:31:55 SGT" duration-ms="9" status="PASS">
          <reporter-output>
          </reporter-output>
        </test-method> <!-- thirdTestCase -->
      </class> <!-- testNG.SampleTestCase -->
    </test> <!-- Test cases -->
  </suite> <!-- Test Suite -->
</testng-results>
